{
  message: 'db connection is successful',
  level: 'info',
  label: 'Programming - Hero',
  timestamp: '2023-07-18T04:04:40.845Z'
}
{
  message: 'Applications is listening on PORT 5000',
  level: 'info',
  label: 'Programming - Hero',
  timestamp: '2023-07-18T04:04:40.850Z'
}
{
  message: 'db connection is successful',
  level: 'info',
  label: 'Programming - Hero',
  timestamp: '2023-07-18T04:04:57.253Z'
}
{
  message: 'Applications is listening on PORT 5000',
  level: 'info',
  label: 'Programming - Hero',
  timestamp: '2023-07-18T04:04:57.258Z'
}
{
  message: 'db connection is successful',
  level: 'info',
  label: 'Programming - Hero',
  timestamp: '2023-07-18T04:05:05.890Z'
}
{
  message: 'Applications is listening on PORT 5000',
  level: 'info',
  label: 'Programming - Hero',
  timestamp: '2023-07-18T04:05:05.897Z'
}
{
  message: 'db connection is successful',
  level: 'info',
  label: 'Programming - Hero',
  timestamp: '2023-07-18T04:05:10.836Z'
}
{
  message: 'Applications is listening on PORT 5000',
  level: 'info',
  label: 'Programming - Hero',
  timestamp: '2023-07-18T04:05:10.840Z'
}
{
  message: 'db connection is successful',
  level: 'info',
  label: 'Programming - Hero',
  timestamp: '2023-07-18T04:13:05.653Z'
}
{
  message: 'Applications is listening on PORT 5000',
  level: 'info',
  label: 'Programming - Hero',
  timestamp: '2023-07-18T04:13:05.665Z'
}
{
  message: 'db connection is successful',
  level: 'info',
  label: 'Programming - Hero',
  timestamp: '2023-07-18T04:13:06.603Z'
}
{
  message: 'Applications is listening on PORT 5000',
  level: 'info',
  label: 'Programming - Hero',
  timestamp: '2023-07-18T04:13:06.608Z'
}
{
  message: 'db connection is successful',
  level: 'info',
  label: 'Programming - Hero',
  timestamp: '2023-07-18T04:13:14.610Z'
}
{
  message: 'Applications is listening on PORT 5000',
  level: 'info',
  label: 'Programming - Hero',
  timestamp: '2023-07-18T04:13:14.615Z'
}
{
  message: 'db connection is successful',
  level: 'info',
  label: 'Programming - Hero',
  timestamp: '2023-07-18T04:13:19.004Z'
}
{
  message: 'Applications is listening on PORT 5000',
  level: 'info',
  label: 'Programming - Hero',
  timestamp: '2023-07-18T04:13:19.009Z'
}
{
  message: 'db connection is successful',
  level: 'info',
  label: 'Programming - Hero',
  timestamp: '2023-07-18T04:13:21.882Z'
}
{
  message: 'Applications is listening on PORT 5000',
  level: 'info',
  label: 'Programming - Hero',
  timestamp: '2023-07-18T04:13:21.888Z'
}
{
  message: 'db connection is successful',
  level: 'info',
  label: 'Programming - Hero',
  timestamp: '2023-07-18T04:13:39.304Z'
}
{
  message: 'Applications is listening on PORT 5000',
  level: 'info',
  label: 'Programming - Hero',
  timestamp: '2023-07-18T04:13:39.308Z'
}
{
  message: 'db connection is successful',
  level: 'info',
  label: 'Programming - Hero',
  timestamp: '2023-07-18T04:13:45.529Z'
}
{
  message: 'Applications is listening on PORT 5000',
  level: 'info',
  label: 'Programming - Hero',
  timestamp: '2023-07-18T04:13:45.534Z'
}
{
  message: 'db connection is successful',
  level: 'info',
  label: 'Programming - Hero',
  timestamp: '2023-07-18T04:13:53.250Z'
}
{
  message: 'Applications is listening on PORT 5000',
  level: 'info',
  label: 'Programming - Hero',
  timestamp: '2023-07-18T04:13:53.256Z'
}
{
  message: 'db connection is successful',
  level: 'info',
  label: 'Programming - Hero',
  timestamp: '2023-07-18T04:13:55.538Z'
}
{
  message: 'Applications is listening on PORT 5000',
  level: 'info',
  label: 'Programming - Hero',
  timestamp: '2023-07-18T04:13:55.543Z'
}
{
  message: 'db connection is successful',
  level: 'info',
  label: 'Programming - Hero',
  timestamp: '2023-07-18T04:13:57.354Z'
}
{
  message: 'Applications is listening on PORT 5000',
  level: 'info',
  label: 'Programming - Hero',
  timestamp: '2023-07-18T04:13:57.359Z'
}
{
  message: 'db connection is successful',
  level: 'info',
  label: 'Programming - Hero',
  timestamp: '2023-07-18T04:14:03.348Z'
}
{
  message: 'Applications is listening on PORT 5000',
  level: 'info',
  label: 'Programming - Hero',
  timestamp: '2023-07-18T04:14:03.353Z'
}
{
  message: 'db connection is successful',
  level: 'info',
  label: 'Programming - Hero',
  timestamp: '2023-07-18T04:14:06.179Z'
}
{
  message: 'Applications is listening on PORT 5000',
  level: 'info',
  label: 'Programming - Hero',
  timestamp: '2023-07-18T04:14:06.189Z'
}
{
  message: 'db connection is successful',
  level: 'info',
  label: 'Programming - Hero',
  timestamp: '2023-07-18T04:14:10.842Z'
}
{
  message: 'Applications is listening on PORT 5000',
  level: 'info',
  label: 'Programming - Hero',
  timestamp: '2023-07-18T04:14:10.847Z'
}
{
  message: 'db connection is successful',
  level: 'info',
  label: 'Programming - Hero',
  timestamp: '2023-07-18T04:14:17.385Z'
}
{
  message: 'Applications is listening on PORT 5000',
  level: 'info',
  label: 'Programming - Hero',
  timestamp: '2023-07-18T04:14:17.391Z'
}
{
  message: 'db connection is successful',
  level: 'info',
  label: 'Programming - Hero',
  timestamp: '2023-07-18T04:14:19.720Z'
}
{
  message: 'Applications is listening on PORT 5000',
  level: 'info',
  label: 'Programming - Hero',
  timestamp: '2023-07-18T04:14:19.726Z'
}
{
  message: 'db connection is successful',
  level: 'info',
  label: 'Programming - Hero',
  timestamp: '2023-07-18T04:14:22.770Z'
}
{
  message: 'Applications is listening on PORT 5000',
  level: 'info',
  label: 'Programming - Hero',
  timestamp: '2023-07-18T04:14:22.776Z'
}
{
  message: 'db connection is successful',
  level: 'info',
  label: 'Programming - Hero',
  timestamp: '2023-07-18T04:14:29.969Z'
}
{
  message: 'Applications is listening on PORT 5000',
  level: 'info',
  label: 'Programming - Hero',
  timestamp: '2023-07-18T04:14:29.975Z'
}
{
  message: 'db connection is successful',
  level: 'info',
  label: 'Programming - Hero',
  timestamp: '2023-07-18T04:14:31.968Z'
}
{
  message: 'Applications is listening on PORT 5000',
  level: 'info',
  label: 'Programming - Hero',
  timestamp: '2023-07-18T04:14:31.972Z'
}
{
  message: 'db connection is successful',
  level: 'info',
  label: 'Programming - Hero',
  timestamp: '2023-07-18T04:14:34.070Z'
}
{
  message: 'Applications is listening on PORT 5000',
  level: 'info',
  label: 'Programming - Hero',
  timestamp: '2023-07-18T04:14:34.075Z'
}
{
  message: 'db connection is successful',
  level: 'info',
  label: 'Programming - Hero',
  timestamp: '2023-07-18T04:19:07.677Z'
}
{
  message: 'Applications is listening on PORT 5000',
  level: 'info',
  label: 'Programming - Hero',
  timestamp: '2023-07-18T04:19:07.683Z'
}
{
  message: 'db connection is successful',
  level: 'info',
  label: 'Programming - Hero',
  timestamp: '2023-07-18T04:19:12.330Z'
}
{
  message: 'Applications is listening on PORT 5000',
  level: 'info',
  label: 'Programming - Hero',
  timestamp: '2023-07-18T04:19:12.335Z'
}
{
  message: 'db connection is successful',
  level: 'info',
  label: 'Programming - Hero',
  timestamp: '2023-07-18T04:19:25.022Z'
}
{
  message: 'Applications is listening on PORT 5000',
  level: 'info',
  label: 'Programming - Hero',
  timestamp: '2023-07-18T04:19:25.029Z'
}
{
  message: 'db connection is successful',
  level: 'info',
  label: 'Programming - Hero',
  timestamp: '2023-07-18T04:20:23.200Z'
}
{
  message: 'Applications is listening on PORT 5000',
  level: 'info',
  label: 'Programming - Hero',
  timestamp: '2023-07-18T04:20:23.207Z'
}
{
  message: 'db connection is successful',
  level: 'info',
  label: 'Programming - Hero',
  timestamp: '2023-07-18T04:20:29.881Z'
}
{
  message: 'Applications is listening on PORT 5000',
  level: 'info',
  label: 'Programming - Hero',
  timestamp: '2023-07-18T04:20:29.887Z'
}
{
  message: 'db connection is successful',
  level: 'info',
  label: 'Programming - Hero',
  timestamp: '2023-07-18T04:20:35.264Z'
}
{
  message: 'Applications is listening on PORT 5000',
  level: 'info',
  label: 'Programming - Hero',
  timestamp: '2023-07-18T04:20:35.269Z'
}
{
  message: 'db connection is successful',
  level: 'info',
  label: 'Programming - Hero',
  timestamp: '2023-07-18T04:22:52.205Z'
}
{
  message: 'Applications is listening on PORT 5000',
  level: 'info',
  label: 'Programming - Hero',
  timestamp: '2023-07-18T04:22:52.210Z'
}
{
  message: 'db connection is successful',
  level: 'info',
  label: 'Programming - Hero',
  timestamp: '2023-07-18T04:22:56.586Z'
}
{
  message: 'Applications is listening on PORT 5000',
  level: 'info',
  label: 'Programming - Hero',
  timestamp: '2023-07-18T04:22:56.592Z'
}
{
  message: 'db connection is successful',
  level: 'info',
  label: 'Programming - Hero',
  timestamp: '2023-07-18T04:23:00.003Z'
}
{
  message: 'Applications is listening on PORT 5000',
  level: 'info',
  label: 'Programming - Hero',
  timestamp: '2023-07-18T04:23:00.012Z'
}
{
  message: 'db connection is successful',
  level: 'info',
  label: 'Programming - Hero',
  timestamp: '2023-07-18T04:23:01.516Z'
}
{
  message: 'Applications is listening on PORT 5000',
  level: 'info',
  label: 'Programming - Hero',
  timestamp: '2023-07-18T04:23:01.521Z'
}
{
  message: 'db connection is successful',
  level: 'info',
  label: 'Programming - Hero',
  timestamp: '2023-07-18T04:23:05.817Z'
}
{
  message: 'Applications is listening on PORT 5000',
  level: 'info',
  label: 'Programming - Hero',
  timestamp: '2023-07-18T04:23:05.822Z'
}
{
  message: 'db connection is successful',
  level: 'info',
  label: 'Programming - Hero',
  timestamp: '2023-07-18T04:23:08.050Z'
}
{
  message: 'Applications is listening on PORT 5000',
  level: 'info',
  label: 'Programming - Hero',
  timestamp: '2023-07-18T04:23:08.055Z'
}
{
  message: 'db connection is successful',
  level: 'info',
  label: 'Programming - Hero',
  timestamp: '2023-07-18T04:23:15.424Z'
}
{
  message: 'Applications is listening on PORT 5000',
  level: 'info',
  label: 'Programming - Hero',
  timestamp: '2023-07-18T04:23:15.431Z'
}
{
  message: 'db connection is successful',
  level: 'info',
  label: 'Programming - Hero',
  timestamp: '2023-07-18T04:23:22.683Z'
}
{
  message: 'Applications is listening on PORT 5000',
  level: 'info',
  label: 'Programming - Hero',
  timestamp: '2023-07-18T04:23:22.688Z'
}
{
  message: 'db connection is successful',
  level: 'info',
  label: 'Programming - Hero',
  timestamp: '2023-07-18T04:23:23.991Z'
}
{
  message: 'Applications is listening on PORT 5000',
  level: 'info',
  label: 'Programming - Hero',
  timestamp: '2023-07-18T04:23:23.997Z'
}
{
  message: 'db connection is successful',
  level: 'info',
  label: 'Programming - Hero',
  timestamp: '2023-07-18T04:23:40.888Z'
}
{
  message: 'Applications is listening on PORT 5000',
  level: 'info',
  label: 'Programming - Hero',
  timestamp: '2023-07-18T04:23:40.894Z'
}
{
  message: 'db connection is successful',
  level: 'info',
  label: 'Programming - Hero',
  timestamp: '2023-07-18T04:25:06.854Z'
}
{
  message: 'Applications is listening on PORT 5000',
  level: 'info',
  label: 'Programming - Hero',
  timestamp: '2023-07-18T04:25:06.862Z'
}
{
  message: 'db connection is successful',
  level: 'info',
  label: 'Programming - Hero',
  timestamp: '2023-07-18T04:47:07.386Z'
}
{
  message: 'Applications is listening on PORT 5000',
  level: 'info',
  label: 'Programming - Hero',
  timestamp: '2023-07-18T04:47:07.391Z'
}
{
  message: 'db connection is successful',
  level: 'info',
  label: 'Programming - Hero',
  timestamp: '2023-07-18T04:47:09.898Z'
}
{
  message: 'Applications is listening on PORT 5000',
  level: 'info',
  label: 'Programming - Hero',
  timestamp: '2023-07-18T04:47:09.902Z'
}
{
  message: 'db connection is successful',
  level: 'info',
  label: 'Programming - Hero',
  timestamp: '2023-07-18T04:51:16.588Z'
}
{
  message: 'Applications is listening on PORT 5000',
  level: 'info',
  label: 'Programming - Hero',
  timestamp: '2023-07-18T04:51:16.595Z'
}
{
  message: 'db connection is successful',
  level: 'info',
  label: 'Programming - Hero',
  timestamp: '2023-07-18T04:51:17.819Z'
}
{
  message: 'Applications is listening on PORT 5000',
  level: 'info',
  label: 'Programming - Hero',
  timestamp: '2023-07-18T04:51:17.826Z'
}
{
  message: 'db connection is successful',
  level: 'info',
  label: 'Programming - Hero',
  timestamp: '2023-07-18T04:51:22.622Z'
}
{
  message: 'Applications is listening on PORT 5000',
  level: 'info',
  label: 'Programming - Hero',
  timestamp: '2023-07-18T04:51:22.628Z'
}
{
  message: 'db connection is successful',
  level: 'info',
  label: 'Programming - Hero',
  timestamp: '2023-07-18T04:52:18.107Z'
}
{
  message: 'Applications is listening on PORT 5000',
  level: 'info',
  label: 'Programming - Hero',
  timestamp: '2023-07-18T04:52:18.116Z'
}
{
  message: 'db connection is successful',
  level: 'info',
  label: 'Programming - Hero',
  timestamp: '2023-07-18T04:52:20.027Z'
}
{
  message: 'Applications is listening on PORT 5000',
  level: 'info',
  label: 'Programming - Hero',
  timestamp: '2023-07-18T04:52:20.031Z'
}
{
  message: 'db connection is successful',
  level: 'info',
  label: 'Programming - Hero',
  timestamp: '2023-07-18T04:52:42.100Z'
}
{
  message: 'Applications is listening on PORT 5000',
  level: 'info',
  label: 'Programming - Hero',
  timestamp: '2023-07-18T04:52:42.105Z'
}
{
  message: 'db connection is successful',
  level: 'info',
  label: 'Programming - Hero',
  timestamp: '2023-07-18T04:56:23.213Z'
}
{
  message: 'Applications is listening on PORT 5000',
  level: 'info',
  label: 'Programming - Hero',
  timestamp: '2023-07-18T04:56:23.222Z'
}
{
  message: 'db connection is successful',
  level: 'info',
  label: 'Programming - Hero',
  timestamp: '2023-07-18T04:56:41.175Z'
}
{
  message: 'Applications is listening on PORT 5000',
  level: 'info',
  label: 'Programming - Hero',
  timestamp: '2023-07-18T04:56:41.182Z'
}
{
  message: 'db connection is successful',
  level: 'info',
  label: 'Programming - Hero',
  timestamp: '2023-07-18T04:57:00.573Z'
}
{
  message: 'Applications is listening on PORT 5000',
  level: 'info',
  label: 'Programming - Hero',
  timestamp: '2023-07-18T04:57:00.580Z'
}
