{
  message: 'db connection is successful',
  level: 'info',
  label: 'Programming - Hero',
  timestamp: '2023-07-16T11:12:47.463Z'
}
{
  message: 'Applications is listening on PORT 5000',
  level: 'info',
  label: 'Programming - Hero',
  timestamp: '2023-07-16T11:12:47.469Z'
}
{
  message: 'db connection is successful',
  level: 'info',
  label: 'Programming - Hero',
  timestamp: '2023-07-16T11:15:15.240Z'
}
{
  message: 'Applications is listening on PORT 5000',
  level: 'info',
  label: 'Programming - Hero',
  timestamp: '2023-07-16T11:15:15.248Z'
}
{
  message: 'db connection is successful',
  level: 'info',
  label: 'Programming - Hero',
  timestamp: '2023-07-16T11:17:16.656Z'
}
{
  message: 'Applications is listening on PORT 5000',
  level: 'info',
  label: 'Programming - Hero',
  timestamp: '2023-07-16T11:17:16.661Z'
}
{
  message: 'db connection is successful',
  level: 'info',
  label: 'Programming - Hero',
  timestamp: '2023-07-16T11:18:57.504Z'
}
{
  message: 'Applications is listening on PORT 5000',
  level: 'info',
  label: 'Programming - Hero',
  timestamp: '2023-07-16T11:18:57.511Z'
}
{
  message: 'db connection is successful',
  level: 'info',
  label: 'Programming - Hero',
  timestamp: '2023-07-16T11:21:06.394Z'
}
{
  message: 'Applications is listening on PORT 5000',
  level: 'info',
  label: 'Programming - Hero',
  timestamp: '2023-07-16T11:21:06.398Z'
}
