{
  message: 'db connection is successful',
  level: 'info',
  label: 'Programming - Hero',
  timestamp: '2023-07-17T13:37:26.197Z'
}
{
  message: 'Applications is listening on PORT 5000',
  level: 'info',
  label: 'Programming - Hero',
  timestamp: '2023-07-17T13:37:26.203Z'
}
{
  message: 'db connection is successful',
  level: 'info',
  label: 'Programming - Hero',
  timestamp: '2023-07-17T13:40:33.430Z'
}
{
  message: 'db connection is successful',
  level: 'info',
  label: 'Programming - Hero',
  timestamp: '2023-07-17T13:40:52.426Z'
}
{
  message: 'db connection is successful',
  level: 'info',
  label: 'Programming - Hero',
  timestamp: '2023-07-17T13:40:56.602Z'
}
{
  message: 'Applications is listening on PORT 5000',
  level: 'info',
  label: 'Programming - Hero',
  timestamp: '2023-07-17T13:40:56.607Z'
}
{
  message: 'db connection is successful',
  level: 'info',
  label: 'Programming - Hero',
  timestamp: '2023-07-17T13:41:04.634Z'
}
{
  message: 'Applications is listening on PORT 5000',
  level: 'info',
  label: 'Programming - Hero',
  timestamp: '2023-07-17T13:41:04.639Z'
}
{
  message: 'db connection is successful',
  level: 'info',
  label: 'Programming - Hero',
  timestamp: '2023-07-17T13:41:14.088Z'
}
{
  message: 'Applications is listening on PORT 5000',
  level: 'info',
  label: 'Programming - Hero',
  timestamp: '2023-07-17T13:41:14.093Z'
}
{
  message: 'db connection is successful',
  level: 'info',
  label: 'Programming - Hero',
  timestamp: '2023-07-17T13:41:32.451Z'
}
{
  message: 'Applications is listening on PORT 5000',
  level: 'info',
  label: 'Programming - Hero',
  timestamp: '2023-07-17T13:41:32.456Z'
}
{
  message: 'db connection is successful',
  level: 'info',
  label: 'Programming - Hero',
  timestamp: '2023-07-17T13:41:41.811Z'
}
{
  message: 'Applications is listening on PORT 5000',
  level: 'info',
  label: 'Programming - Hero',
  timestamp: '2023-07-17T13:41:41.816Z'
}
{
  message: 'db connection is successful',
  level: 'info',
  label: 'Programming - Hero',
  timestamp: '2023-07-17T13:41:59.313Z'
}
{
  message: 'Applications is listening on PORT 5000',
  level: 'info',
  label: 'Programming - Hero',
  timestamp: '2023-07-17T13:41:59.319Z'
}
{
  message: 'db connection is successful',
  level: 'info',
  label: 'Programming - Hero',
  timestamp: '2023-07-17T13:42:04.988Z'
}
{
  message: 'Applications is listening on PORT 5000',
  level: 'info',
  label: 'Programming - Hero',
  timestamp: '2023-07-17T13:42:04.993Z'
}
{
  message: 'db connection is successful',
  level: 'info',
  label: 'Programming - Hero',
  timestamp: '2023-07-17T13:42:14.482Z'
}
{
  message: 'Applications is listening on PORT 5000',
  level: 'info',
  label: 'Programming - Hero',
  timestamp: '2023-07-17T13:42:14.491Z'
}
{
  message: 'db connection is successful',
  level: 'info',
  label: 'Programming - Hero',
  timestamp: '2023-07-17T13:42:16.922Z'
}
{
  message: 'Applications is listening on PORT 5000',
  level: 'info',
  label: 'Programming - Hero',
  timestamp: '2023-07-17T13:42:16.928Z'
}
{
  message: 'db connection is successful',
  level: 'info',
  label: 'Programming - Hero',
  timestamp: '2023-07-17T13:42:18.484Z'
}
{
  message: 'Applications is listening on PORT 5000',
  level: 'info',
  label: 'Programming - Hero',
  timestamp: '2023-07-17T13:42:18.492Z'
}
{
  message: 'db connection is successful',
  level: 'info',
  label: 'Programming - Hero',
  timestamp: '2023-07-17T13:42:21.625Z'
}
{
  message: 'Applications is listening on PORT 5000',
  level: 'info',
  label: 'Programming - Hero',
  timestamp: '2023-07-17T13:42:21.630Z'
}
{
  message: 'db connection is successful',
  level: 'info',
  label: 'Programming - Hero',
  timestamp: '2023-07-17T13:42:24.280Z'
}
{
  message: 'Applications is listening on PORT 5000',
  level: 'info',
  label: 'Programming - Hero',
  timestamp: '2023-07-17T13:42:24.288Z'
}
{
  message: 'db connection is successful',
  level: 'info',
  label: 'Programming - Hero',
  timestamp: '2023-07-17T13:42:25.727Z'
}
{
  message: 'Applications is listening on PORT 5000',
  level: 'info',
  label: 'Programming - Hero',
  timestamp: '2023-07-17T13:42:25.733Z'
}
{
  message: 'db connection is successful',
  level: 'info',
  label: 'Programming - Hero',
  timestamp: '2023-07-17T13:42:28.285Z'
}
{
  message: 'Applications is listening on PORT 5000',
  level: 'info',
  label: 'Programming - Hero',
  timestamp: '2023-07-17T13:42:28.291Z'
}
{
  message: 'db connection is successful',
  level: 'info',
  label: 'Programming - Hero',
  timestamp: '2023-07-17T13:42:47.613Z'
}
{
  message: 'Applications is listening on PORT 5000',
  level: 'info',
  label: 'Programming - Hero',
  timestamp: '2023-07-17T13:42:47.619Z'
}
{
  message: 'db connection is successful',
  level: 'info',
  label: 'Programming - Hero',
  timestamp: '2023-07-17T13:42:49.030Z'
}
{
  message: 'Applications is listening on PORT 5000',
  level: 'info',
  label: 'Programming - Hero',
  timestamp: '2023-07-17T13:42:49.035Z'
}
{
  message: 'db connection is successful',
  level: 'info',
  label: 'Programming - Hero',
  timestamp: '2023-07-17T13:42:51.351Z'
}
{
  message: 'Applications is listening on PORT 5000',
  level: 'info',
  label: 'Programming - Hero',
  timestamp: '2023-07-17T13:42:51.356Z'
}
{
  message: 'db connection is successful',
  level: 'info',
  label: 'Programming - Hero',
  timestamp: '2023-07-17T13:42:57.084Z'
}
{
  message: 'Applications is listening on PORT 5000',
  level: 'info',
  label: 'Programming - Hero',
  timestamp: '2023-07-17T13:42:57.091Z'
}
{
  message: 'db connection is successful',
  level: 'info',
  label: 'Programming - Hero',
  timestamp: '2023-07-17T13:42:58.830Z'
}
{
  message: 'Applications is listening on PORT 5000',
  level: 'info',
  label: 'Programming - Hero',
  timestamp: '2023-07-17T13:42:58.836Z'
}
{
  message: 'db connection is successful',
  level: 'info',
  label: 'Programming - Hero',
  timestamp: '2023-07-17T13:44:04.105Z'
}
{
  message: 'Applications is listening on PORT 5000',
  level: 'info',
  label: 'Programming - Hero',
  timestamp: '2023-07-17T13:44:04.111Z'
}
{
  message: 'db connection is successful',
  level: 'info',
  label: 'Programming - Hero',
  timestamp: '2023-07-17T13:44:07.252Z'
}
{
  message: 'Applications is listening on PORT 5000',
  level: 'info',
  label: 'Programming - Hero',
  timestamp: '2023-07-17T13:44:07.257Z'
}
{
  message: 'db connection is successful',
  level: 'info',
  label: 'Programming - Hero',
  timestamp: '2023-07-17T13:44:11.437Z'
}
{
  message: 'Applications is listening on PORT 5000',
  level: 'info',
  label: 'Programming - Hero',
  timestamp: '2023-07-17T13:44:11.443Z'
}
