{
  message: 'db connection is successful',
  level: 'info',
  label: 'Programming - Hero',
  timestamp: '2023-07-16T10:36:20.871Z'
}
{
  message: 'Applications is listening on PORT 5000',
  level: 'info',
  label: 'Programming - Hero',
  timestamp: '2023-07-16T10:36:20.880Z'
}
{
  message: 'db connection is successful',
  level: 'info',
  label: 'Programming - Hero',
  timestamp: '2023-07-16T10:41:40.530Z'
}
{
  message: 'Applications is listening on PORT 5000',
  level: 'info',
  label: 'Programming - Hero',
  timestamp: '2023-07-16T10:41:40.534Z'
}
{
  message: 'db connection is successful',
  level: 'info',
  label: 'Programming - Hero',
  timestamp: '2023-07-16T10:43:17.277Z'
}
{
  message: 'Applications is listening on PORT 5000',
  level: 'info',
  label: 'Programming - Hero',
  timestamp: '2023-07-16T10:43:17.284Z'
}
{
  message: 'db connection is successful',
  level: 'info',
  label: 'Programming - Hero',
  timestamp: '2023-07-16T10:51:40.435Z'
}
{
  message: 'Applications is listening on PORT 5000',
  level: 'info',
  label: 'Programming - Hero',
  timestamp: '2023-07-16T10:51:40.442Z'
}
{
  message: 'db connection is successful',
  level: 'info',
  label: 'Programming - Hero',
  timestamp: '2023-07-16T10:52:30.229Z'
}
{
  message: 'Applications is listening on PORT 5000',
  level: 'info',
  label: 'Programming - Hero',
  timestamp: '2023-07-16T10:52:30.235Z'
}
{
  message: 'db connection is successful',
  level: 'info',
  label: 'Programming - Hero',
  timestamp: '2023-07-16T10:54:22.573Z'
}
{
  message: 'Applications is listening on PORT 5000',
  level: 'info',
  label: 'Programming - Hero',
  timestamp: '2023-07-16T10:54:22.578Z'
}
