{
  message: 'db connection is successful',
  level: 'info',
  label: 'Programming - Hero',
  timestamp: '2023-06-27T13:01:35.499Z'
}
{
  message: 'Applications is listening on PORT 5000',
  level: 'info',
  label: 'Programming - Hero',
  timestamp: '2023-06-27T13:01:35.505Z'
}
{
  message: 'db connection is successful',
  level: 'info',
  label: 'Programming - Hero',
  timestamp: '2023-06-27T13:01:47.393Z'
}
{
  message: 'Applications is listening on PORT 5000',
  level: 'info',
  label: 'Programming - Hero',
  timestamp: '2023-06-27T13:01:47.399Z'
}
{
  message: 'db connection is successful',
  level: 'info',
  label: 'Programming - Hero',
  timestamp: '2023-06-27T13:02:32.035Z'
}
{
  message: 'Applications is listening on PORT 5000',
  level: 'info',
  label: 'Programming - Hero',
  timestamp: '2023-06-27T13:02:32.040Z'
}
{
  message: 'db connection is successful',
  level: 'info',
  label: 'Programming - Hero',
  timestamp: '2023-06-27T13:02:34.412Z'
}
{
  message: 'Applications is listening on PORT 5000',
  level: 'info',
  label: 'Programming - Hero',
  timestamp: '2023-06-27T13:02:34.418Z'
}
{
  message: 'db connection is successful',
  level: 'info',
  label: 'Programming - Hero',
  timestamp: '2023-06-27T13:02:37.444Z'
}
{
  message: 'Applications is listening on PORT 5000',
  level: 'info',
  label: 'Programming - Hero',
  timestamp: '2023-06-27T13:02:37.453Z'
}
{
  message: 'db connection is successful',
  level: 'info',
  label: 'Programming - Hero',
  timestamp: '2023-06-27T13:02:39.191Z'
}
{
  message: 'Applications is listening on PORT 5000',
  level: 'info',
  label: 'Programming - Hero',
  timestamp: '2023-06-27T13:02:39.197Z'
}
{
  message: 'db connection is successful',
  level: 'info',
  label: 'Programming - Hero',
  timestamp: '2023-06-27T13:02:54.630Z'
}
{
  message: 'Applications is listening on PORT 5000',
  level: 'info',
  label: 'Programming - Hero',
  timestamp: '2023-06-27T13:02:54.635Z'
}
{
  message: 'db connection is successful',
  level: 'info',
  label: 'Programming - Hero',
  timestamp: '2023-06-27T13:02:57.792Z'
}
{
  message: 'Applications is listening on PORT 5000',
  level: 'info',
  label: 'Programming - Hero',
  timestamp: '2023-06-27T13:02:57.798Z'
}
{
  message: 'db connection is successful',
  level: 'info',
  label: 'Programming - Hero',
  timestamp: '2023-06-27T13:03:00.535Z'
}
{
  message: 'Applications is listening on PORT 5000',
  level: 'info',
  label: 'Programming - Hero',
  timestamp: '2023-06-27T13:03:00.540Z'
}
{
  message: 'db connection is successful',
  level: 'info',
  label: 'Programming - Hero',
  timestamp: '2023-06-27T13:03:05.609Z'
}
{
  message: 'Applications is listening on PORT 5000',
  level: 'info',
  label: 'Programming - Hero',
  timestamp: '2023-06-27T13:03:05.614Z'
}
{
  message: 'db connection is successful',
  level: 'info',
  label: 'Programming - Hero',
  timestamp: '2023-06-27T13:03:07.076Z'
}
{
  message: 'Applications is listening on PORT 5000',
  level: 'info',
  label: 'Programming - Hero',
  timestamp: '2023-06-27T13:03:07.083Z'
}
{
  message: 'db connection is successful',
  level: 'info',
  label: 'Programming - Hero',
  timestamp: '2023-06-27T13:03:11.624Z'
}
{
  message: 'Applications is listening on PORT 5000',
  level: 'info',
  label: 'Programming - Hero',
  timestamp: '2023-06-27T13:03:11.629Z'
}
{
  message: 'db connection is successful',
  level: 'info',
  label: 'Programming - Hero',
  timestamp: '2023-06-27T13:03:13.139Z'
}
{
  message: 'Applications is listening on PORT 5000',
  level: 'info',
  label: 'Programming - Hero',
  timestamp: '2023-06-27T13:03:13.144Z'
}
{
  message: 'db connection is successful',
  level: 'info',
  label: 'Programming - Hero',
  timestamp: '2023-06-27T13:03:15.160Z'
}
{
  message: 'Applications is listening on PORT 5000',
  level: 'info',
  label: 'Programming - Hero',
  timestamp: '2023-06-27T13:03:15.166Z'
}
{
  message: 'db connection is successful',
  level: 'info',
  label: 'Programming - Hero',
  timestamp: '2023-06-27T13:03:17.296Z'
}
{
  message: 'Applications is listening on PORT 5000',
  level: 'info',
  label: 'Programming - Hero',
  timestamp: '2023-06-27T13:03:17.301Z'
}
{
  message: 'db connection is successful',
  level: 'info',
  label: 'Programming - Hero',
  timestamp: '2023-06-27T13:03:20.351Z'
}
{
  message: 'Applications is listening on PORT 5000',
  level: 'info',
  label: 'Programming - Hero',
  timestamp: '2023-06-27T13:03:20.357Z'
}
{
  message: 'db connection is successful',
  level: 'info',
  label: 'Programming - Hero',
  timestamp: '2023-06-27T13:03:23.204Z'
}
{
  message: 'Applications is listening on PORT 5000',
  level: 'info',
  label: 'Programming - Hero',
  timestamp: '2023-06-27T13:03:23.210Z'
}
{
  message: 'db connection is successful',
  level: 'info',
  label: 'Programming - Hero',
  timestamp: '2023-06-27T13:03:28.876Z'
}
{
  message: 'Applications is listening on PORT 5000',
  level: 'info',
  label: 'Programming - Hero',
  timestamp: '2023-06-27T13:03:28.882Z'
}
{
  message: 'db connection is successful',
  level: 'info',
  label: 'Programming - Hero',
  timestamp: '2023-06-27T13:03:31.431Z'
}
{
  message: 'Applications is listening on PORT 5000',
  level: 'info',
  label: 'Programming - Hero',
  timestamp: '2023-06-27T13:03:31.436Z'
}
{
  message: 'db connection is successful',
  level: 'info',
  label: 'Programming - Hero',
  timestamp: '2023-06-27T13:03:45.109Z'
}
{
  message: 'Applications is listening on PORT 5000',
  level: 'info',
  label: 'Programming - Hero',
  timestamp: '2023-06-27T13:03:45.116Z'
}
{
  message: 'db connection is successful',
  level: 'info',
  label: 'Programming - Hero',
  timestamp: '2023-06-27T13:03:46.641Z'
}
{
  message: 'Applications is listening on PORT 5000',
  level: 'info',
  label: 'Programming - Hero',
  timestamp: '2023-06-27T13:03:46.645Z'
}
{
  message: 'db connection is successful',
  level: 'info',
  label: 'Programming - Hero',
  timestamp: '2023-06-27T13:04:01.253Z'
}
{
  message: 'Applications is listening on PORT 5000',
  level: 'info',
  label: 'Programming - Hero',
  timestamp: '2023-06-27T13:04:01.259Z'
}
{
  message: 'db connection is successful',
  level: 'info',
  label: 'Programming - Hero',
  timestamp: '2023-06-27T13:04:02.970Z'
}
{
  message: 'Applications is listening on PORT 5000',
  level: 'info',
  label: 'Programming - Hero',
  timestamp: '2023-06-27T13:04:02.975Z'
}
{
  message: 'db connection is successful',
  level: 'info',
  label: 'Programming - Hero',
  timestamp: '2023-06-27T13:04:07.274Z'
}
{
  message: 'Applications is listening on PORT 5000',
  level: 'info',
  label: 'Programming - Hero',
  timestamp: '2023-06-27T13:04:07.280Z'
}
{
  message: 'db connection is successful',
  level: 'info',
  label: 'Programming - Hero',
  timestamp: '2023-06-27T13:04:08.938Z'
}
{
  message: 'Applications is listening on PORT 5000',
  level: 'info',
  label: 'Programming - Hero',
  timestamp: '2023-06-27T13:04:08.944Z'
}
{
  message: 'db connection is successful',
  level: 'info',
  label: 'Programming - Hero',
  timestamp: '2023-06-27T13:04:11.650Z'
}
{
  message: 'Applications is listening on PORT 5000',
  level: 'info',
  label: 'Programming - Hero',
  timestamp: '2023-06-27T13:04:11.657Z'
}
{
  message: 'db connection is successful',
  level: 'info',
  label: 'Programming - Hero',
  timestamp: '2023-06-27T13:04:22.266Z'
}
{
  message: 'Applications is listening on PORT 5000',
  level: 'info',
  label: 'Programming - Hero',
  timestamp: '2023-06-27T13:04:22.271Z'
}
{
  message: 'db connection is successful',
  level: 'info',
  label: 'Programming - Hero',
  timestamp: '2023-06-27T13:04:23.357Z'
}
{
  message: 'Applications is listening on PORT 5000',
  level: 'info',
  label: 'Programming - Hero',
  timestamp: '2023-06-27T13:04:23.365Z'
}
{
  message: 'db connection is successful',
  level: 'info',
  label: 'Programming - Hero',
  timestamp: '2023-06-27T13:04:25.904Z'
}
{
  message: 'Applications is listening on PORT 5000',
  level: 'info',
  label: 'Programming - Hero',
  timestamp: '2023-06-27T13:04:25.909Z'
}
{
  message: 'db connection is successful',
  level: 'info',
  label: 'Programming - Hero',
  timestamp: '2023-06-27T13:04:34.576Z'
}
{
  message: 'Applications is listening on PORT 5000',
  level: 'info',
  label: 'Programming - Hero',
  timestamp: '2023-06-27T13:04:34.582Z'
}
{
  message: 'db connection is successful',
  level: 'info',
  label: 'Programming - Hero',
  timestamp: '2023-06-27T13:06:55.988Z'
}
{
  message: 'Applications is listening on PORT 5000',
  level: 'info',
  label: 'Programming - Hero',
  timestamp: '2023-06-27T13:06:55.992Z'
}
{
  message: 'db connection is successful',
  level: 'info',
  label: 'Programming - Hero',
  timestamp: '2023-06-27T13:06:57.755Z'
}
{
  message: 'Applications is listening on PORT 5000',
  level: 'info',
  label: 'Programming - Hero',
  timestamp: '2023-06-27T13:06:57.761Z'
}
{
  message: 'db connection is successful',
  level: 'info',
  label: 'Programming - Hero',
  timestamp: '2023-06-27T13:06:59.238Z'
}
{
  message: 'Applications is listening on PORT 5000',
  level: 'info',
  label: 'Programming - Hero',
  timestamp: '2023-06-27T13:06:59.246Z'
}
{
  message: 'db connection is successful',
  level: 'info',
  label: 'Programming - Hero',
  timestamp: '2023-06-27T13:07:01.992Z'
}
{
  message: 'Applications is listening on PORT 5000',
  level: 'info',
  label: 'Programming - Hero',
  timestamp: '2023-06-27T13:07:02.000Z'
}
{
  message: 'db connection is successful',
  level: 'info',
  label: 'Programming - Hero',
  timestamp: '2023-06-27T13:07:23.327Z'
}
{
  message: 'Applications is listening on PORT 5000',
  level: 'info',
  label: 'Programming - Hero',
  timestamp: '2023-06-27T13:07:23.334Z'
}
{
  message: 'db connection is successful',
  level: 'info',
  label: 'Programming - Hero',
  timestamp: '2023-06-27T13:07:29.077Z'
}
{
  message: 'Applications is listening on PORT 5000',
  level: 'info',
  label: 'Programming - Hero',
  timestamp: '2023-06-27T13:07:29.083Z'
}
{
  message: 'db connection is successful',
  level: 'info',
  label: 'Programming - Hero',
  timestamp: '2023-06-27T13:07:32.348Z'
}
{
  message: 'Applications is listening on PORT 5000',
  level: 'info',
  label: 'Programming - Hero',
  timestamp: '2023-06-27T13:07:32.354Z'
}
{
  message: 'db connection is successful',
  level: 'info',
  label: 'Programming - Hero',
  timestamp: '2023-06-27T13:07:36.448Z'
}
{
  message: 'Applications is listening on PORT 5000',
  level: 'info',
  label: 'Programming - Hero',
  timestamp: '2023-06-27T13:07:36.454Z'
}
{
  message: 'db connection is successful',
  level: 'info',
  label: 'Programming - Hero',
  timestamp: '2023-06-27T13:07:38.067Z'
}
{
  message: 'Applications is listening on PORT 5000',
  level: 'info',
  label: 'Programming - Hero',
  timestamp: '2023-06-27T13:07:38.071Z'
}
{
  message: 'db connection is successful',
  level: 'info',
  label: 'Programming - Hero',
  timestamp: '2023-06-27T13:07:43.536Z'
}
{
  message: 'Applications is listening on PORT 5000',
  level: 'info',
  label: 'Programming - Hero',
  timestamp: '2023-06-27T13:07:43.541Z'
}
{
  message: 'db connection is successful',
  level: 'info',
  label: 'Programming - Hero',
  timestamp: '2023-06-27T13:07:45.924Z'
}
{
  message: 'Applications is listening on PORT 5000',
  level: 'info',
  label: 'Programming - Hero',
  timestamp: '2023-06-27T13:07:45.930Z'
}
{
  message: 'db connection is successful',
  level: 'info',
  label: 'Programming - Hero',
  timestamp: '2023-06-27T13:07:55.618Z'
}
{
  message: 'Applications is listening on PORT 5000',
  level: 'info',
  label: 'Programming - Hero',
  timestamp: '2023-06-27T13:07:55.624Z'
}
