{
  level: 'error',
  message: 'mongodb is not connected app_1.default.listen is not a function',
  stack: 'TypeError: app_1.default.listen is not a function\n' +
    '    at D:\\PROJECTS\\Next Level Web 2.0\\university-management-system\\src\\server.ts:13:18\n' +
    '    at Generator.next (<anonymous>)\n' +
    '    at fulfilled (D:\\PROJECTS\\Next Level Web 2.0\\university-management-system\\src\\server.ts:5:58)\n' +
    '    at processTicksAndRejections (node:internal/process/task_queues:95:5)',
  label: 'Programming - Hero',
  timestamp: '2023-07-17T13:40:33.436Z'
}
{
  level: 'error',
  message: 'mongodb is not connected app_1.default.listen is not a function',
  stack: 'TypeError: app_1.default.listen is not a function\n' +
    '    at D:\\PROJECTS\\Next Level Web 2.0\\university-management-system\\src\\server.ts:13:18\n' +
    '    at Generator.next (<anonymous>)\n' +
    '    at fulfilled (D:\\PROJECTS\\Next Level Web 2.0\\university-management-system\\src\\server.ts:5:58)\n' +
    '    at processTicksAndRejections (node:internal/process/task_queues:95:5)',
  label: 'Programming - Hero',
  timestamp: '2023-07-17T13:40:52.432Z'
}
{
  statusCode: 409,
  level: 'error',
  message: '🐱‍🏍 globalErrorHandler ~~ Academic semester is already exist !',
  stack: 'Error: Academic semester is already exist !\n' +
    '    at model.<anonymous> (D:\\PROJECTS\\Next Level Web 2.0\\university-management-system\\src\\app\\modules\\academicSemester\\academicsSemester.model.ts:56:11)\n' +
    '    at Generator.next (<anonymous>)\n' +
    '    at fulfilled (D:\\PROJECTS\\Next Level Web 2.0\\university-management-system\\src\\app\\modules\\academicSemester\\academicsSemester.model.ts:5:58)\n' +
    '    at processTicksAndRejections (node:internal/process/task_queues:95:5)',
  label: 'Programming - Hero',
  timestamp: '2023-07-17T13:41:20.641Z'
}
{
  statusCode: 409,
  level: 'error',
  message: '🐱‍🏍 globalErrorHandler ~~ Academic semester is already exist !',
  stack: 'Error: Academic semester is already exist !\n' +
    '    at model.<anonymous> (D:\\PROJECTS\\Next Level Web 2.0\\university-management-system\\src\\app\\modules\\academicSemester\\academicsSemester.model.ts:56:11)\n' +
    '    at Generator.next (<anonymous>)\n' +
    '    at fulfilled (D:\\PROJECTS\\Next Level Web 2.0\\university-management-system\\src\\app\\modules\\academicSemester\\academicsSemester.model.ts:5:58)\n' +
    '    at processTicksAndRejections (node:internal/process/task_queues:95:5)',
  label: 'Programming - Hero',
  timestamp: '2023-07-17T13:41:27.430Z'
}
