{
  level: 'error',
  message: '🐱‍🏍 globalErrorHandler ~~ Parameter "filter" to find() must be an object, got "[object Object]" (type object)',
  stack: 'ObjectParameterError: Parameter "filter" to find() must be an object, got "[object Object]" (type object)\n' +
    '    at model.Query.Query.find (D:\\PROJECTS\\Next Level Web 2.0\\university-management-system\\node_modules\\mongoose\\lib\\query.js:2329:16)\n' +
    '    at Function.find (D:\\PROJECTS\\Next Level Web 2.0\\university-management-system\\node_modules\\mongoose\\lib\\model.js:2079:13)\n' +
    '    at D:\\PROJECTS\\Next Level Web 2.0\\university-management-system\\src\\app\\modules\\academicSemester\\academicSemester.service.ts:60:41\n' +
    '    at Generator.next (<anonymous>)\n' +
    '    at D:\\PROJECTS\\Next Level Web 2.0\\university-management-system\\src\\app\\modules\\academicSemester\\academicSemester.service.ts:8:71\n' +
    '    at new Promise (<anonymous>)\n' +
    '    at __awaiter (D:\\PROJECTS\\Next Level Web 2.0\\university-management-system\\src\\app\\modules\\academicSemester\\academicSemester.service.ts:4:12)\n' +
    '    at Object.getAllSemesters (D:\\PROJECTS\\Next Level Web 2.0\\university-management-system\\src\\app\\modules\\academicSemester\\academicSemester.service.ts:27:53)\n' +
    '    at D:\\PROJECTS\\Next Level Web 2.0\\university-management-system\\src\\app\\modules\\academicSemester\\academicSemester.controller.ts:33:50\n' +
    '    at Generator.next (<anonymous>)',
  label: 'Programming - Hero',
  timestamp: '2023-07-17T18:07:05.323Z'
}
{
  level: 'error',
  message: '🐱‍🏍 globalErrorHandler ~~ Parameter "filter" to find() must be an object, got "[object Object]" (type object)',
  stack: 'ObjectParameterError: Parameter "filter" to find() must be an object, got "[object Object]" (type object)\n' +
    '    at model.Query.Query.find (D:\\PROJECTS\\Next Level Web 2.0\\university-management-system\\node_modules\\mongoose\\lib\\query.js:2329:16)\n' +
    '    at Function.find (D:\\PROJECTS\\Next Level Web 2.0\\university-management-system\\node_modules\\mongoose\\lib\\model.js:2079:13)\n' +
    '    at D:\\PROJECTS\\Next Level Web 2.0\\university-management-system\\src\\app\\modules\\academicSemester\\academicSemester.service.ts:60:41\n' +
    '    at Generator.next (<anonymous>)\n' +
    '    at D:\\PROJECTS\\Next Level Web 2.0\\university-management-system\\src\\app\\modules\\academicSemester\\academicSemester.service.ts:8:71\n' +
    '    at new Promise (<anonymous>)\n' +
    '    at __awaiter (D:\\PROJECTS\\Next Level Web 2.0\\university-management-system\\src\\app\\modules\\academicSemester\\academicSemester.service.ts:4:12)\n' +
    '    at Object.getAllSemesters (D:\\PROJECTS\\Next Level Web 2.0\\university-management-system\\src\\app\\modules\\academicSemester\\academicSemester.service.ts:27:53)\n' +
    '    at D:\\PROJECTS\\Next Level Web 2.0\\university-management-system\\src\\app\\modules\\academicSemester\\academicSemester.controller.ts:33:50\n' +
    '    at Generator.next (<anonymous>)',
  label: 'Programming - Hero',
  timestamp: '2023-07-17T18:07:10.499Z'
}
{
  level: 'error',
  message: "🐱‍🏍 globalErrorHandler ~~ Cannot read properties of undefined (reading 'meta')",
  stack: "TypeError: Cannot read properties of undefined (reading 'meta')\n" +
    '    at D:\\PROJECTS\\Next Level Web 2.0\\university-management-system\\src\\app\\modules\\academicSemester\\academicSemester.controller.ts:42:20\n' +
    '    at Generator.next (<anonymous>)\n' +
    '    at fulfilled (D:\\PROJECTS\\Next Level Web 2.0\\university-management-system\\src\\app\\modules\\academicSemester\\academicSemester.controller.ts:5:58)\n' +
    '    at processTicksAndRejections (node:internal/process/task_queues:95:5)',
  label: 'Programming - Hero',
  timestamp: '2023-07-17T18:08:08.505Z'
}
{
  level: 'error',
  message: "🐱‍🏍 globalErrorHandler ~~ Cannot read properties of undefined (reading 'meta')",
  stack: "TypeError: Cannot read properties of undefined (reading 'meta')\n" +
    '    at D:\\PROJECTS\\Next Level Web 2.0\\university-management-system\\src\\app\\modules\\academicSemester\\academicSemester.controller.ts:42:20\n' +
    '    at Generator.next (<anonymous>)\n' +
    '    at fulfilled (D:\\PROJECTS\\Next Level Web 2.0\\university-management-system\\src\\app\\modules\\academicSemester\\academicSemester.controller.ts:5:58)\n' +
    '    at processTicksAndRejections (node:internal/process/task_queues:95:5)',
  label: 'Programming - Hero',
  timestamp: '2023-07-17T18:08:12.168Z'
}
{
  level: 'error',
  message: "🐱‍🏍 globalErrorHandler ~~ Cannot read properties of undefined (reading 'meta')",
  stack: "TypeError: Cannot read properties of undefined (reading 'meta')\n" +
    '    at D:\\PROJECTS\\Next Level Web 2.0\\university-management-system\\src\\app\\modules\\academicSemester\\academicSemester.controller.ts:42:20\n' +
    '    at Generator.next (<anonymous>)\n' +
    '    at fulfilled (D:\\PROJECTS\\Next Level Web 2.0\\university-management-system\\src\\app\\modules\\academicSemester\\academicSemester.controller.ts:5:58)\n' +
    '    at processTicksAndRejections (node:internal/process/task_queues:95:5)',
  label: 'Programming - Hero',
  timestamp: '2023-07-17T18:08:15.274Z'
}
{
  level: 'error',
  message: "🐱‍🏍 globalErrorHandler ~~ Cannot read properties of undefined (reading 'meta')",
  stack: "TypeError: Cannot read properties of undefined (reading 'meta')\n" +
    '    at D:\\PROJECTS\\Next Level Web 2.0\\university-management-system\\src\\app\\modules\\academicSemester\\academicSemester.controller.ts:42:20\n' +
    '    at Generator.next (<anonymous>)\n' +
    '    at fulfilled (D:\\PROJECTS\\Next Level Web 2.0\\university-management-system\\src\\app\\modules\\academicSemester\\academicSemester.controller.ts:5:58)\n' +
    '    at processTicksAndRejections (node:internal/process/task_queues:95:5)',
  label: 'Programming - Hero',
  timestamp: '2023-07-17T18:08:16.164Z'
}
{
  level: 'error',
  message: "🐱‍🏍 globalErrorHandler ~~ Cannot read properties of undefined (reading 'meta')",
  stack: "TypeError: Cannot read properties of undefined (reading 'meta')\n" +
    '    at D:\\PROJECTS\\Next Level Web 2.0\\university-management-system\\src\\app\\modules\\academicSemester\\academicSemester.controller.ts:42:20\n' +
    '    at Generator.next (<anonymous>)\n' +
    '    at fulfilled (D:\\PROJECTS\\Next Level Web 2.0\\university-management-system\\src\\app\\modules\\academicSemester\\academicSemester.controller.ts:5:58)\n' +
    '    at processTicksAndRejections (node:internal/process/task_queues:95:5)',
  label: 'Programming - Hero',
  timestamp: '2023-07-17T18:08:16.691Z'
}
