
2023-06-27T10:00:35.425Z [right meow!] info: db connection is successful
2023-06-27T10:00:35.429Z [right meow!] info: Applications is listening on PORT 5000
2023-06-27T10:01:42.564Z [Programming - Hero] info: db connection is successful
2023-06-27T10:01:42.567Z [Programming - Hero] info: Applications is listening on PORT 5000
2023-06-27T10:02:04.780Z [Programming - Hero] info: db connection is successful
2023-06-27T10:02:04.783Z [Programming - Hero] info: Applications is listening on PORT 5000
2023-06-27T10:02:16.701Z [Programming - Hero] info: db connection is successful
2023-06-27T10:02:16.705Z [Programming - Hero] info: Applications is listening on PORT 5000
2023-06-27T10:02:28.480Z [Programming - Hero] info: db connection is successful
2023-06-27T10:02:28.486Z [Programming - Hero] info: Applications is listening on PORT 5000
2023-06-27T10:02:29.526Z [Programming - Hero] info: db connection is successful
2023-06-27T10:02:29.530Z [Programming - Hero] info: Applications is listening on PORT 5000
2023-06-27T10:02:30.761Z [Programming - Hero] info: db connection is successful
2023-06-27T10:02:30.764Z [Programming - Hero] info: Applications is listening on PORT 5000
2023-06-27T10:02:33.660Z [Programming - Hero] info: db connection is successful
2023-06-27T10:02:33.664Z [Programming - Hero] info: Applications is listening on PORT 5000
2023-06-27T10:02:44.264Z [Programming - Hero] info: db connection is successful
2023-06-27T10:02:44.269Z [Programming - Hero] info: Applications is listening on PORT 5000
2023-06-27T10:02:46.360Z [Programming - Hero] info: db connection is successful
2023-06-27T10:02:46.364Z [Programming - Hero] info: Applications is listening on PORT 5000
2023-06-27T10:02:48.102Z [Programming - Hero] info: db connection is successful
2023-06-27T10:02:48.106Z [Programming - Hero] info: Applications is listening on PORT 5000
2023-06-27T10:02:56.753Z [Programming - Hero] info: db connection is successful
2023-06-27T10:02:56.757Z [Programming - Hero] info: Applications is listening on PORT 5000
2023-06-27T10:02:59.818Z [Programming - Hero] info: db connection is successful
2023-06-27T10:02:59.822Z [Programming - Hero] info: Applications is listening on PORT 5000
function toString() { [native code] } [Programming - Hero] info: db connection is successful
function toString() { [native code] } [Programming - Hero] info: Applications is listening on PORT 5000
Tue Jun 27 2023 16:03:13 GMT+0600 (Bangladesh Standard Time) [Programming - Hero] info: db connection is successful
Tue Jun 27 2023 16:03:13 GMT+0600 (Bangladesh Standard Time) [Programming - Hero] info: Applications is listening on PORT 5000
Tue Jun 27 2023 16:03:16 GMT+0600 (Bangladesh Standard Time) [Programming - Hero] info: db connection is successful
Tue Jun 27 2023 16:03:16 GMT+0600 (Bangladesh Standard Time) [Programming - Hero] info: Applications is listening on PORT 5000
Tue Jun 27 2023 16:03:42 GMT+0600 (Bangladesh Standard Time) 16: } [Programming - Hero] info: db connection is successful
Tue Jun 27 2023 16:03:42 GMT+0600 (Bangladesh Standard Time) 16: } [Programming - Hero] info: Applications is listening on PORT 5000
Tue Jun 27 2023 16:03:53 GMT+0600 (Bangladesh Standard Time) 16:3 } [Programming - Hero] info: db connection is successful
Tue Jun 27 2023 16:03:53 GMT+0600 (Bangladesh Standard Time) 16:3 } [Programming - Hero] info: Applications is listening on PORT 5000
Tue Jun 27 2023 16:03:55 GMT+0600 (Bangladesh Standard Time) 16:3 } [Programming - Hero] info: db connection is successful
Tue Jun 27 2023 16:03:55 GMT+0600 (Bangladesh Standard Time) 16:3 } [Programming - Hero] info: Applications is listening on PORT 5000
Tue Jun 27 2023 16:03:57 GMT+0600 (Bangladesh Standard Time) 16:3: } [Programming - Hero] info: db connection is successful
Tue Jun 27 2023 16:03:57 GMT+0600 (Bangladesh Standard Time) 16:3: } [Programming - Hero] info: Applications is listening on PORT 5000
Tue Jun 27 2023 16:04:00 GMT+0600 (Bangladesh Standard Time) 16:4:0 } [Programming - Hero] info: db connection is successful
Tue Jun 27 2023 16:04:00 GMT+0600 (Bangladesh Standard Time) 16:4:0 } [Programming - Hero] info: Applications is listening on PORT 5000
Tue Jun 27 2023 16:05:16 GMT+0600 (Bangladesh Standard Time) 16:5:16 } [Programming - Hero] info: db connection is successful
Tue Jun 27 2023 16:05:16 GMT+0600 (Bangladesh Standard Time) 16:5:16 } [Programming - Hero] info: Applications is listening on PORT 5000
Tue Jun 27 2023 16:05:17 GMT+0600 (Bangladesh Standard Time) 16:5:17 } [Programming - Hero] info: db connection is successful
Tue Jun 27 2023 16:05:17 GMT+0600 (Bangladesh Standard Time) 16:5:17 } [Programming - Hero] info: Applications is listening on PORT 5000
{
  message: 'db connection is successful',
  level: 'info',
  label: 'Programming - Hero',
  timestamp: '2023-06-27T10:06:12.232Z'
}
{
  message: 'Applications is listening on PORT 5000',
  level: 'info',
  label: 'Programming - Hero',
  timestamp: '2023-06-27T10:06:12.237Z'
}
{
  message: 'db connection is successful',
  level: 'info',
  label: 'Programming - Hero',
  timestamp: '2023-06-27T10:06:19.593Z'
}
{
  message: 'Applications is listening on PORT 5000',
  level: 'info',
  label: 'Programming - Hero',
  timestamp: '2023-06-27T10:06:19.598Z'
}
